Using pre-set license

 COMMAND LINE ARGUMENTS:
/Applications/Unity/Hub/Editor/2020.3.5f1/2020.3.5f1/Unity.app/Contents/MacOS/Unity
-adb2
-batchMode
-noUpm
-name
AssetImportWorker0
-projectPath
/Users/baileyluu/MyFirstLGameEver
-logFile
Logs/AssetImportWorker0.log
-srvPort
57765
Successfully changed project path to: /Users/baileyluu/MyFirstLGameEver
/Users/baileyluu/MyFirstLGameEver
Using Asset Import Pipeline V2.
Refreshing native plugins compatible for Editor in 104.76 ms, found 1 plugins.
Preloading 0 native plugins for Editor in 0.00 ms.
Initialize engine version: 2020.3.5f1 (8095aa901b9b)
[Subsystems] Discovering subsystems at path /Applications/Unity/Hub/Editor/2020.3.5f1/2020.3.5f1/Unity.app/Contents/Resources/UnitySubsystems
[Subsystems] Discovering subsystems at path /Users/baileyluu/MyFirstLGameEver/Assets
GfxDevice: creating device client; threaded=0
2021-05-02 01:25:53.566 Unity[12941:625204] Color LCD preferred device: Intel(R) Iris(TM) Graphics 6000 (low power)
2021-05-02 01:25:53.566 Unity[12941:625204] Metal devices available: 1
2021-05-02 01:25:53.566 Unity[12941:625204] 0: Intel(R) Iris(TM) Graphics 6000 (low power)
2021-05-02 01:25:53.569 Unity[12941:625204] Using device Intel(R) Iris(TM) Graphics 6000 (low power)
Initializing Metal device caps: Intel(R) Iris(TM) Graphics 6000
Initialize mono
Mono path[0] = '/Applications/Unity/Hub/Editor/2020.3.5f1/2020.3.5f1/Unity.app/Contents/Managed'
Mono path[1] = '/Applications/Unity/Hub/Editor/2020.3.5f1/2020.3.5f1/Unity.app/Contents/MonoBleedingEdge/lib/mono/unityjit'
Mono config path = '/Applications/Unity/Hub/Editor/2020.3.5f1/2020.3.5f1/Unity.app/Contents/MonoBleedingEdge/etc'
Using monoOptions --debugger-agent=transport=dt_socket,embedding=1,server=y,suspend=n,address=127.0.0.1:56941
Begin MonoManager ReloadAssembly
Registering precompiled unity dll's ...
Register platform support module: /Applications/Unity/Hub/Editor/2020.3.5f1/2020.3.5f1/PlaybackEngines/WebGLSupport/UnityEditor.WebGL.Extensions.dll
Register platform support module: /Applications/Unity/Hub/Editor/2020.3.5f1/2020.3.5f1/Unity.app/Contents/PlaybackEngines/MacStandaloneSupport/UnityEditor.OSXStandalone.Extensions.dll
Registered in 0.003143 seconds.
Native extension for OSXStandalone target not found
Native extension for WebGL target not found
Refreshing native plugins compatible for Editor in 88.65 ms, found 1 plugins.
Preloading 0 native plugins for Editor in 0.00 ms.
Mono: successfully reloaded assembly
- Completed reload, in  2.055 seconds
Platform modules already initialized, skipping
Registering precompiled user dll's ...
Registered in 0.004800 seconds.
Begin MonoManager ReloadAssembly
Native extension for OSXStandalone target not found
Native extension for WebGL target not found
Refreshing native plugins compatible for Editor in 0.54 ms, found 1 plugins.
Preloading 0 native plugins for Editor in 0.00 ms.
Mono: successfully reloaded assembly
- Completed reload, in  2.439 seconds
Platform modules already initialized, skipping
========================================================================
Worker process is ready to serve import requests
Launching external process: /Applications/Unity/Hub/Editor/2020.3.5f1/2020.3.5f1/Unity.app/Contents/Tools/UnityShaderCompiler
Launched and connected shader compiler UnityShaderCompiler after 0.03 seconds
Refreshing native plugins compatible for Editor in 0.76 ms, found 1 plugins.
Preloading 0 native plugins for Editor in 0.00 ms.
Unloading 1731 Unused Serialized files (Serialized files now loaded: 0)
System memory in use before: 142.4 MB.
System memory in use after: 140.2 MB.

Unloading 27 unused Assets to reduce memory usage. Loaded Objects now: 2164.
Total: 6.463490 ms (FindLiveObjects: 0.303457 ms CreateObjectMapping: 0.155090 ms MarkObjects: 3.046247 ms  DeleteObjects: 2.956153 ms)

========================================================================
Received Import Request.
  path: Assets/LEGO/Scenes/Menu Win.unity
  artifactKey: Guid(05cfb1c697d1a4d22b5edccf653ebd94) Importer(815301076,1909f56bfc062723c751e8b465ee728b)
Start importing Assets/LEGO/Scenes/Menu Win.unity using Guid(05cfb1c697d1a4d22b5edccf653ebd94) Importer(815301076,1909f56bfc062723c751e8b465ee728b)  -> (artifact id: '3bfa1d69689c9ceb928227b9774280ee') in 0.021877 seconds
  Import took 0.030646 seconds .

========================================================================
Received Prepare
Refreshing native plugins compatible for Editor in 1.79 ms, found 1 plugins.
Preloading 0 native plugins for Editor in 0.00 ms.
Unloading 19 Unused Serialized files (Serialized files now loaded: 0)
System memory in use before: 107.6 MB.
System memory in use after: 105.5 MB.

Unloading 19 unused Assets to reduce memory usage. Loaded Objects now: 2164.
Total: 9.386875 ms (FindLiveObjects: 0.685782 ms CreateObjectMapping: 0.338386 ms MarkObjects: 4.611160 ms  DeleteObjects: 3.748725 ms)

========================================================================
Received Prepare
Registering precompiled user dll's ...
Registered in 0.002075 seconds.
Begin MonoManager ReloadAssembly
Native extension for OSXStandalone target not found
Native extension for WebGL target not found
Refreshing native plugins compatible for Editor in 0.96 ms, found 1 plugins.
Preloading 0 native plugins for Editor in 0.00 ms.
Mono: successfully reloaded assembly
- Completed reload, in  1.531 seconds
Platform modules already initialized, skipping
Refreshing native plugins compatible for Editor in 1.95 ms, found 1 plugins.
Preloading 0 native plugins for Editor in 0.00 ms.
Unloading 1707 Unused Serialized files (Serialized files now loaded: 0)
System memory in use before: 141.2 MB.
System memory in use after: 139.0 MB.

Unloading 22 unused Assets to reduce memory usage. Loaded Objects now: 2167.
Total: 6.345317 ms (FindLiveObjects: 0.435176 ms CreateObjectMapping: 0.108436 ms MarkObjects: 2.475565 ms  DeleteObjects: 3.322368 ms)

========================================================================
Received Prepare
Registering precompiled user dll's ...
Registered in 0.002644 seconds.
Begin MonoManager ReloadAssembly
Native extension for OSXStandalone target not found
Native extension for WebGL target not found
Refreshing native plugins compatible for Editor in 0.62 ms, found 1 plugins.
Preloading 0 native plugins for Editor in 0.00 ms.
Mono: successfully reloaded assembly
- Completed reload, in  1.557 seconds
Platform modules already initialized, skipping
Refreshing native plugins compatible for Editor in 0.69 ms, found 1 plugins.
Preloading 0 native plugins for Editor in 0.00 ms.
Unloading 1707 Unused Serialized files (Serialized files now loaded: 0)
System memory in use before: 141.5 MB.
System memory in use after: 139.3 MB.

Unloading 22 unused Assets to reduce memory usage. Loaded Objects now: 2170.
Total: 5.217546 ms (FindLiveObjects: 0.287065 ms CreateObjectMapping: 0.082930 ms MarkObjects: 2.727463 ms  DeleteObjects: 2.118011 ms)

========================================================================
Received Prepare
Registering precompiled user dll's ...
Registered in 0.002694 seconds.
Begin MonoManager ReloadAssembly
Native extension for OSXStandalone target not found
Native extension for WebGL target not found
Refreshing native plugins compatible for Editor in 0.68 ms, found 1 plugins.
Preloading 0 native plugins for Editor in 0.00 ms.
Mono: successfully reloaded assembly
- Completed reload, in  1.549 seconds
Platform modules already initialized, skipping
Refreshing native plugins compatible for Editor in 0.63 ms, found 1 plugins.
Preloading 0 native plugins for Editor in 0.00 ms.
Unloading 1707 Unused Serialized files (Serialized files now loaded: 0)
System memory in use before: 141.6 MB.
System memory in use after: 139.5 MB.

Unloading 22 unused Assets to reduce memory usage. Loaded Objects now: 2173.
Total: 8.317969 ms (FindLiveObjects: 0.563754 ms CreateObjectMapping: 0.268717 ms MarkObjects: 3.869142 ms  DeleteObjects: 3.612802 ms)

========================================================================
Received Prepare
Registering precompiled user dll's ...
Registered in 0.003970 seconds.
Begin MonoManager ReloadAssembly
Native extension for OSXStandalone target not found
Native extension for WebGL target not found
Refreshing native plugins compatible for Editor in 0.58 ms, found 1 plugins.
Preloading 0 native plugins for Editor in 0.00 ms.
Mono: successfully reloaded assembly
- Completed reload, in  1.521 seconds
Platform modules already initialized, skipping
Refreshing native plugins compatible for Editor in 0.65 ms, found 1 plugins.
Preloading 0 native plugins for Editor in 0.00 ms.
Unloading 1707 Unused Serialized files (Serialized files now loaded: 0)
System memory in use before: 141.9 MB.
System memory in use after: 139.7 MB.

Unloading 22 unused Assets to reduce memory usage. Loaded Objects now: 2176.
Total: 4.809383 ms (FindLiveObjects: 0.327162 ms CreateObjectMapping: 0.134289 ms MarkObjects: 2.063270 ms  DeleteObjects: 2.282440 ms)

========================================================================
Received Prepare
Registering precompiled user dll's ...
Registered in 0.006156 seconds.
Begin MonoManager ReloadAssembly
Native extension for OSXStandalone target not found
Native extension for WebGL target not found
Refreshing native plugins compatible for Editor in 0.58 ms, found 1 plugins.
Preloading 0 native plugins for Editor in 0.00 ms.
Mono: successfully reloaded assembly
- Completed reload, in  1.845 seconds
Platform modules already initialized, skipping
Refreshing native plugins compatible for Editor in 1.09 ms, found 1 plugins.
Preloading 0 native plugins for Editor in 0.00 ms.
Unloading 1707 Unused Serialized files (Serialized files now loaded: 0)
System memory in use before: 142.1 MB.
System memory in use after: 139.9 MB.

Unloading 22 unused Assets to reduce memory usage. Loaded Objects now: 2179.
Total: 5.882580 ms (FindLiveObjects: 0.231994 ms CreateObjectMapping: 0.065331 ms MarkObjects: 2.830481 ms  DeleteObjects: 2.752522 ms)

========================================================================
Received Import Request.
  Time since last request: 904.016482 seconds.
  path: Assets/LEGO/Prefabs/LEGO Models/Brick Collections
  artifactKey: Guid(e0a517c0eefda4fd4827787cc4926208) Importer(815301076,1909f56bfc062723c751e8b465ee728b)
Start importing Assets/LEGO/Prefabs/LEGO Models/Brick Collections using Guid(e0a517c0eefda4fd4827787cc4926208) Importer(815301076,1909f56bfc062723c751e8b465ee728b)  -> (artifact id: '917e0a6815c118a5dc682d54f259f5e2') in 0.012278 seconds
  Import took 0.019143 seconds .

========================================================================
Received Prepare
Registering precompiled user dll's ...
Registered in 0.001950 seconds.
Begin MonoManager ReloadAssembly
Native extension for OSXStandalone target not found
Native extension for WebGL target not found
Refreshing native plugins compatible for Editor in 0.62 ms, found 1 plugins.
Preloading 0 native plugins for Editor in 0.00 ms.
Mono: successfully reloaded assembly
- Completed reload, in  1.653 seconds
Platform modules already initialized, skipping
Refreshing native plugins compatible for Editor in 0.65 ms, found 1 plugins.
Preloading 0 native plugins for Editor in 0.00 ms.
Unloading 1707 Unused Serialized files (Serialized files now loaded: 0)
System memory in use before: 142.3 MB.
System memory in use after: 140.2 MB.

Unloading 22 unused Assets to reduce memory usage. Loaded Objects now: 2182.
Total: 6.557127 ms (FindLiveObjects: 0.264980 ms CreateObjectMapping: 0.095627 ms MarkObjects: 2.830444 ms  DeleteObjects: 3.363975 ms)

========================================================================
Received Prepare
Registering precompiled user dll's ...
Registered in 0.000940 seconds.
Begin MonoManager ReloadAssembly
Native extension for OSXStandalone target not found
Native extension for WebGL target not found
Refreshing native plugins compatible for Editor in 0.65 ms, found 1 plugins.
Preloading 0 native plugins for Editor in 0.00 ms.
Mono: successfully reloaded assembly
- Completed reload, in  1.533 seconds
Platform modules already initialized, skipping
Refreshing native plugins compatible for Editor in 0.61 ms, found 1 plugins.
Preloading 0 native plugins for Editor in 0.00 ms.
Unloading 1707 Unused Serialized files (Serialized files now loaded: 0)
System memory in use before: 142.4 MB.
System memory in use after: 140.3 MB.

Unloading 22 unused Assets to reduce memory usage. Loaded Objects now: 2185.
Total: 5.180548 ms (FindLiveObjects: 0.342963 ms CreateObjectMapping: 0.132055 ms MarkObjects: 2.270820 ms  DeleteObjects: 2.433037 ms)

========================================================================
Received Prepare
Registering precompiled user dll's ...
Registered in 0.000946 seconds.
Begin MonoManager ReloadAssembly
Native extension for OSXStandalone target not found
Native extension for WebGL target not found
Refreshing native plugins compatible for Editor in 0.56 ms, found 1 plugins.
Preloading 0 native plugins for Editor in 0.00 ms.
Mono: successfully reloaded assembly
- Completed reload, in  1.443 seconds
Platform modules already initialized, skipping
Refreshing native plugins compatible for Editor in 0.61 ms, found 1 plugins.
Preloading 0 native plugins for Editor in 0.00 ms.
Unloading 1707 Unused Serialized files (Serialized files now loaded: 0)
System memory in use before: 142.6 MB.
System memory in use after: 140.5 MB.

Unloading 22 unused Assets to reduce memory usage. Loaded Objects now: 2188.
Total: 5.276704 ms (FindLiveObjects: 0.415970 ms CreateObjectMapping: 0.115168 ms MarkObjects: 2.231427 ms  DeleteObjects: 2.511005 ms)

========================================================================
Received Prepare
Registering precompiled user dll's ...
Registered in 0.000984 seconds.
Begin MonoManager ReloadAssembly
Native extension for OSXStandalone target not found
Native extension for WebGL target not found
Refreshing native plugins compatible for Editor in 1.23 ms, found 1 plugins.
Preloading 0 native plugins for Editor in 0.00 ms.
Mono: successfully reloaded assembly
- Completed reload, in  1.754 seconds
Platform modules already initialized, skipping
Refreshing native plugins compatible for Editor in 0.58 ms, found 1 plugins.
Preloading 0 native plugins for Editor in 0.00 ms.
Unloading 1707 Unused Serialized files (Serialized files now loaded: 0)
System memory in use before: 142.9 MB.
System memory in use after: 140.7 MB.

Unloading 22 unused Assets to reduce memory usage. Loaded Objects now: 2191.
Total: 4.853904 ms (FindLiveObjects: 0.320573 ms CreateObjectMapping: 0.087380 ms MarkObjects: 2.294118 ms  DeleteObjects: 2.149753 ms)

========================================================================
Received Prepare
Refreshing native plugins compatible for Editor in 3.75 ms, found 1 plugins.
Preloading 0 native plugins for Editor in 0.00 ms.
Unloading 19 Unused Serialized files (Serialized files now loaded: 0)
System memory in use before: 109.7 MB.
System memory in use after: 107.6 MB.

Unloading 19 unused Assets to reduce memory usage. Loaded Objects now: 2191.
Total: 9.485570 ms (FindLiveObjects: 0.743904 ms CreateObjectMapping: 0.077795 ms MarkObjects: 6.174805 ms  DeleteObjects: 2.486406 ms)

========================================================================
Received Prepare
Registering precompiled user dll's ...
Registered in 0.003263 seconds.
Begin MonoManager ReloadAssembly
Native extension for OSXStandalone target not found
Native extension for WebGL target not found
Refreshing native plugins compatible for Editor in 2.96 ms, found 1 plugins.
Preloading 0 native plugins for Editor in 0.00 ms.
Mono: successfully reloaded assembly
- Completed reload, in  4.694 seconds
Platform modules already initialized, skipping
Refreshing native plugins compatible for Editor in 1.44 ms, found 1 plugins.
Preloading 0 native plugins for Editor in 0.00 ms.
Unloading 1707 Unused Serialized files (Serialized files now loaded: 0)
System memory in use before: 143.1 MB.
System memory in use after: 141.0 MB.

Unloading 22 unused Assets to reduce memory usage. Loaded Objects now: 2194.
Total: 9.096381 ms (FindLiveObjects: 0.602924 ms CreateObjectMapping: 0.155566 ms MarkObjects: 3.961476 ms  DeleteObjects: 4.373762 ms)

